(0.001) 
            SELECT name, type FROM sqlite_master
            WHERE type in ('table', 'view') AND NOT name='sqlite_sequence'
            ORDER BY name; args=None
(0.000) SELECT "django_migrations"."app", "django_migrations"."name" FROM "django_migrations"; args=()
(0.001) 
            SELECT name, type FROM sqlite_master
            WHERE type in ('table', 'view') AND NOT name='sqlite_sequence'
            ORDER BY name; args=None
(0.000) SELECT "django_migrations"."app", "django_migrations"."name" FROM "django_migrations"; args=()
(0.001) SELECT "django_site"."id", "django_site"."domain", "django_site"."name" FROM "django_site" WHERE "django_site"."id" = 1; args=(1,)
(0.000) SELECT "django_session"."session_key", "django_session"."session_data", "django_session"."expire_date" FROM "django_session" WHERE ("django_session"."expire_date" > '2017-04-11 15:22:51.670162' AND "django_session"."session_key" = '2zykn2kz12urrtafjf19aqtj5an68fzq'); args=('2017-04-11 15:22:51.670162', '2zykn2kz12urrtafjf19aqtj5an68fzq')
(0.000) SELECT "auth_user"."id", "auth_user"."password", "auth_user"."last_login", "auth_user"."is_superuser", "auth_user"."username", "auth_user"."first_name", "auth_user"."last_name", "auth_user"."email", "auth_user"."is_staff", "auth_user"."is_active", "auth_user"."date_joined" FROM "auth_user" WHERE "auth_user"."id" = 1; args=(1,)
(0.000) SELECT "rentWareApp_customer"."id", "rentWareApp_customer"."AccountCode", "rentWareApp_customer"."CompanyName", "rentWareApp_customer"."VATNumber", "rentWareApp_customer"."user_id", "rentWareApp_customer"."contact_id", "rentWareApp_customer"."uploads_id", "rentWareApp_customer"."comments", "rentWareApp_customer"."created_date" FROM "rentWareApp_customer" ORDER BY "rentWareApp_customer"."id" ASC; args=()
(0.001) 
            SELECT name, type FROM sqlite_master
            WHERE type in ('table', 'view') AND NOT name='sqlite_sequence'
            ORDER BY name; args=None
(0.000) SELECT "django_migrations"."app", "django_migrations"."name" FROM "django_migrations"; args=()
(0.001) SELECT "django_site"."id", "django_site"."domain", "django_site"."name" FROM "django_site" WHERE "django_site"."id" = 1; args=(1,)
(0.000) SELECT "django_session"."session_key", "django_session"."session_data", "django_session"."expire_date" FROM "django_session" WHERE ("django_session"."session_key" = '2zykn2kz12urrtafjf19aqtj5an68fzq' AND "django_session"."expire_date" > '2017-04-11 15:25:12.635981'); args=('2zykn2kz12urrtafjf19aqtj5an68fzq', '2017-04-11 15:25:12.635981')
(0.000) SELECT "auth_user"."id", "auth_user"."password", "auth_user"."last_login", "auth_user"."is_superuser", "auth_user"."username", "auth_user"."first_name", "auth_user"."last_name", "auth_user"."email", "auth_user"."is_staff", "auth_user"."is_active", "auth_user"."date_joined" FROM "auth_user" WHERE "auth_user"."id" = 1; args=(1,)
(0.000) SELECT "rentWareApp_customer"."id", "rentWareApp_customer"."AccountCode", "rentWareApp_customer"."CompanyName", "rentWareApp_customer"."VATNumber", "rentWareApp_customer"."user_id", "rentWareApp_customer"."contact_id", "rentWareApp_customer"."uploads_id", "rentWareApp_customer"."comments", "rentWareApp_customer"."created_date" FROM "rentWareApp_customer" ORDER BY "rentWareApp_customer"."id" ASC; args=()
(0.001) SELECT "django_session"."session_key", "django_session"."session_data", "django_session"."expire_date" FROM "django_session" WHERE ("django_session"."session_key" = '2zykn2kz12urrtafjf19aqtj5an68fzq' AND "django_session"."expire_date" > '2017-04-11 15:25:16.394557'); args=('2zykn2kz12urrtafjf19aqtj5an68fzq', '2017-04-11 15:25:16.394557')
(0.000) SELECT "auth_user"."id", "auth_user"."password", "auth_user"."last_login", "auth_user"."is_superuser", "auth_user"."username", "auth_user"."first_name", "auth_user"."last_name", "auth_user"."email", "auth_user"."is_staff", "auth_user"."is_active", "auth_user"."date_joined" FROM "auth_user" WHERE "auth_user"."id" = 1; args=(1,)
(0.000) SELECT (1) AS "a" FROM "account_emailaddress" WHERE ("account_emailaddress"."user_id" = 1 AND "account_emailaddress"."email" LIKE 'peter@oomblik.com' ESCAPE '\') LIMIT 1; args=(1, 'peter@oomblik.com')
(0.000) SELECT "account_emailaddress"."id", "account_emailaddress"."user_id", "account_emailaddress"."email", "account_emailaddress"."verified", "account_emailaddress"."primary" FROM "account_emailaddress" WHERE "account_emailaddress"."user_id" = 1; args=(1,)
(0.000) SELECT "account_emailaddress"."id", "account_emailaddress"."user_id", "account_emailaddress"."email", "account_emailaddress"."verified", "account_emailaddress"."primary" FROM "account_emailaddress" WHERE "account_emailaddress"."user_id" = 1; args=(1,)
(0.000) SELECT COUNT(*) AS "__count" FROM "account_emailaddress" WHERE "account_emailaddress"."user_id" = 1; args=(1,)
(0.001) SELECT "django_session"."session_key", "django_session"."session_data", "django_session"."expire_date" FROM "django_session" WHERE ("django_session"."session_key" = '2zykn2kz12urrtafjf19aqtj5an68fzq' AND "django_session"."expire_date" > '2017-04-11 15:25:51.757835'); args=('2zykn2kz12urrtafjf19aqtj5an68fzq', '2017-04-11 15:25:51.757835')
(0.000) SELECT "auth_user"."id", "auth_user"."password", "auth_user"."last_login", "auth_user"."is_superuser", "auth_user"."username", "auth_user"."first_name", "auth_user"."last_name", "auth_user"."email", "auth_user"."is_staff", "auth_user"."is_active", "auth_user"."date_joined" FROM "auth_user" WHERE "auth_user"."id" = 1; args=(1,)
(0.001) SELECT "django_session"."session_key", "django_session"."session_data", "django_session"."expire_date" FROM "django_session" WHERE ("django_session"."session_key" = '2zykn2kz12urrtafjf19aqtj5an68fzq' AND "django_session"."expire_date" > '2017-04-11 15:25:53.182946'); args=('2zykn2kz12urrtafjf19aqtj5an68fzq', '2017-04-11 15:25:53.182946')
(0.000) SELECT "auth_user"."id", "auth_user"."password", "auth_user"."last_login", "auth_user"."is_superuser", "auth_user"."username", "auth_user"."first_name", "auth_user"."last_name", "auth_user"."email", "auth_user"."is_staff", "auth_user"."is_active", "auth_user"."date_joined" FROM "auth_user" WHERE "auth_user"."id" = 1; args=(1,)
(0.000) SELECT (1) AS "a" FROM "account_emailaddress" WHERE ("account_emailaddress"."user_id" = 1 AND "account_emailaddress"."email" LIKE 'peter@oomblik.com' ESCAPE '\') LIMIT 1; args=(1, 'peter@oomblik.com')
(0.000) SELECT "account_emailaddress"."id", "account_emailaddress"."user_id", "account_emailaddress"."email", "account_emailaddress"."verified", "account_emailaddress"."primary" FROM "account_emailaddress" WHERE "account_emailaddress"."user_id" = 1; args=(1,)
(0.000) SELECT "account_emailaddress"."id", "account_emailaddress"."user_id", "account_emailaddress"."email", "account_emailaddress"."verified", "account_emailaddress"."primary" FROM "account_emailaddress" WHERE "account_emailaddress"."user_id" = 1; args=(1,)
(0.000) SELECT COUNT(*) AS "__count" FROM "account_emailaddress" WHERE "account_emailaddress"."user_id" = 1; args=(1,)
(0.001) SELECT "django_session"."session_key", "django_session"."session_data", "django_session"."expire_date" FROM "django_session" WHERE ("django_session"."session_key" = '2zykn2kz12urrtafjf19aqtj5an68fzq' AND "django_session"."expire_date" > '2017-04-11 15:25:57.493584'); args=('2zykn2kz12urrtafjf19aqtj5an68fzq', '2017-04-11 15:25:57.493584')
(0.000) SELECT "auth_user"."id", "auth_user"."password", "auth_user"."last_login", "auth_user"."is_superuser", "auth_user"."username", "auth_user"."first_name", "auth_user"."last_name", "auth_user"."email", "auth_user"."is_staff", "auth_user"."is_active", "auth_user"."date_joined" FROM "auth_user" WHERE "auth_user"."id" = 1; args=(1,)
(0.000) SELECT (1) AS "a" FROM "account_emailaddress" WHERE ("account_emailaddress"."user_id" = 1 AND "account_emailaddress"."email" LIKE 'peter@oomblik.com' ESCAPE '\') LIMIT 1; args=(1, 'peter@oomblik.com')
(0.000) SELECT "account_emailaddress"."id", "account_emailaddress"."user_id", "account_emailaddress"."email", "account_emailaddress"."verified", "account_emailaddress"."primary" FROM "account_emailaddress" WHERE ("account_emailaddress"."user_id" = 1 AND "account_emailaddress"."email" = 'peter@oomblik.com'); args=(1, 'peter@oomblik.com')
(0.000) SELECT "auth_user"."id", "auth_user"."password", "auth_user"."last_login", "auth_user"."is_superuser", "auth_user"."username", "auth_user"."first_name", "auth_user"."last_name", "auth_user"."email", "auth_user"."is_staff", "auth_user"."is_active", "auth_user"."date_joined" FROM "auth_user" WHERE "auth_user"."id" = 1; args=(1,)
(0.001) SELECT "django_session"."session_key", "django_session"."session_data", "django_session"."expire_date" FROM "django_session" WHERE ("django_session"."session_key" = '2zykn2kz12urrtafjf19aqtj5an68fzq' AND "django_session"."expire_date" > '2017-04-11 15:25:57.556371'); args=('2zykn2kz12urrtafjf19aqtj5an68fzq', '2017-04-11 15:25:57.556371')
(0.000) SELECT "auth_user"."id", "auth_user"."password", "auth_user"."last_login", "auth_user"."is_superuser", "auth_user"."username", "auth_user"."first_name", "auth_user"."last_name", "auth_user"."email", "auth_user"."is_staff", "auth_user"."is_active", "auth_user"."date_joined" FROM "auth_user" WHERE "auth_user"."id" = 1; args=(1,)
(0.000) SELECT (1) AS "a" FROM "account_emailaddress" WHERE ("account_emailaddress"."user_id" = 1 AND "account_emailaddress"."email" LIKE 'peter@oomblik.com' ESCAPE '\') LIMIT 1; args=(1, 'peter@oomblik.com')
(0.000) SELECT "account_emailaddress"."id", "account_emailaddress"."user_id", "account_emailaddress"."email", "account_emailaddress"."verified", "account_emailaddress"."primary" FROM "account_emailaddress" WHERE "account_emailaddress"."user_id" = 1; args=(1,)
(0.000) SELECT "account_emailaddress"."id", "account_emailaddress"."user_id", "account_emailaddress"."email", "account_emailaddress"."verified", "account_emailaddress"."primary" FROM "account_emailaddress" WHERE "account_emailaddress"."user_id" = 1; args=(1,)
(0.000) SELECT COUNT(*) AS "__count" FROM "account_emailaddress" WHERE "account_emailaddress"."user_id" = 1; args=(1,)
(0.001) 
            SELECT name, type FROM sqlite_master
            WHERE type in ('table', 'view') AND NOT name='sqlite_sequence'
            ORDER BY name; args=None
(0.000) SELECT "django_migrations"."app", "django_migrations"."name" FROM "django_migrations"; args=()
(0.001) SELECT "django_site"."id", "django_site"."domain", "django_site"."name" FROM "django_site" WHERE "django_site"."id" = 1; args=(1,)
Internal Server Error: /customer_list/
Traceback (most recent call last):
  File "/home/peter/INVENTORY/inventory/nvenv/lib/python3.4/site-packages/django/core/handlers/base.py", line 149, in get_response
    response = self.process_exception_by_middleware(e, request)
  File "/home/peter/INVENTORY/inventory/nvenv/lib/python3.4/site-packages/django/core/handlers/base.py", line 147, in get_response
    response = wrapped_callback(request, *callback_args, **callback_kwargs)
  File "/home/peter/INVENTORY/inventory/rentWareApp/views.py", line 138, in customer_list
    logger.error('Something went wrong!'+current_site)
NameError: name 'logger' is not defined
(0.001) 
            SELECT name, type FROM sqlite_master
            WHERE type in ('table', 'view') AND NOT name='sqlite_sequence'
            ORDER BY name; args=None
(0.000) SELECT "django_migrations"."app", "django_migrations"."name" FROM "django_migrations"; args=()
(0.001) SELECT "django_site"."id", "django_site"."domain", "django_site"."name" FROM "django_site" WHERE "django_site"."id" = 1; args=(1,)
Internal Server Error: /customer_list/
Traceback (most recent call last):
  File "/home/peter/INVENTORY/inventory/nvenv/lib/python3.4/site-packages/django/core/handlers/base.py", line 149, in get_response
    response = self.process_exception_by_middleware(e, request)
  File "/home/peter/INVENTORY/inventory/nvenv/lib/python3.4/site-packages/django/core/handlers/base.py", line 147, in get_response
    response = wrapped_callback(request, *callback_args, **callback_kwargs)
  File "/home/peter/INVENTORY/inventory/rentWareApp/views.py", line 142, in customer_list
    logger.error('Something went wrong!'+current_site)
TypeError: Can't convert 'Site' object to str implicitly
(0.001) 
            SELECT name, type FROM sqlite_master
            WHERE type in ('table', 'view') AND NOT name='sqlite_sequence'
            ORDER BY name; args=None
(0.000) SELECT "django_migrations"."app", "django_migrations"."name" FROM "django_migrations"; args=()
(0.001) SELECT "django_site"."id", "django_site"."domain", "django_site"."name" FROM "django_site" WHERE "django_site"."id" = 1; args=(1,)
(0.000) SELECT "django_session"."session_key", "django_session"."session_data", "django_session"."expire_date" FROM "django_session" WHERE ("django_session"."expire_date" > '2017-04-11 15:31:24.317180' AND "django_session"."session_key" = '2zykn2kz12urrtafjf19aqtj5an68fzq'); args=('2017-04-11 15:31:24.317180', '2zykn2kz12urrtafjf19aqtj5an68fzq')
(0.000) SELECT "auth_user"."id", "auth_user"."password", "auth_user"."last_login", "auth_user"."is_superuser", "auth_user"."username", "auth_user"."first_name", "auth_user"."last_name", "auth_user"."email", "auth_user"."is_staff", "auth_user"."is_active", "auth_user"."date_joined" FROM "auth_user" WHERE "auth_user"."id" = 1; args=(1,)
(0.000) SELECT "rentWareApp_customer"."id", "rentWareApp_customer"."AccountCode", "rentWareApp_customer"."CompanyName", "rentWareApp_customer"."VATNumber", "rentWareApp_customer"."user_id", "rentWareApp_customer"."contact_id", "rentWareApp_customer"."uploads_id", "rentWareApp_customer"."comments", "rentWareApp_customer"."created_date" FROM "rentWareApp_customer" ORDER BY "rentWareApp_customer"."id" ASC; args=()
(0.001) 
            SELECT name, type FROM sqlite_master
            WHERE type in ('table', 'view') AND NOT name='sqlite_sequence'
            ORDER BY name; args=None
(0.000) SELECT "django_migrations"."app", "django_migrations"."name" FROM "django_migrations"; args=()
(0.001) SELECT "django_site"."id", "django_site"."domain", "django_site"."name" FROM "django_site" WHERE "django_site"."id" = 1; args=(1,)
Internal Server Error: /customer_list/
Traceback (most recent call last):
  File "/home/peter/INVENTORY/inventory/nvenv/lib/python3.4/site-packages/django/core/handlers/base.py", line 149, in get_response
    response = self.process_exception_by_middleware(e, request)
  File "/home/peter/INVENTORY/inventory/nvenv/lib/python3.4/site-packages/django/core/handlers/base.py", line 147, in get_response
    response = wrapped_callback(request, *callback_args, **callback_kwargs)
  File "/home/peter/INVENTORY/inventory/rentWareApp/views.py", line 142, in customer_list
    logger.error("current_site"+current_site)
TypeError: Can't convert 'Site' object to str implicitly
(0.001) 
            SELECT name, type FROM sqlite_master
            WHERE type in ('table', 'view') AND NOT name='sqlite_sequence'
            ORDER BY name; args=None
(0.000) SELECT "django_migrations"."app", "django_migrations"."name" FROM "django_migrations"; args=()
(0.001) SELECT "django_site"."id", "django_site"."domain", "django_site"."name" FROM "django_site" WHERE "django_site"."id" = 1; args=(1,)
(0.000) SELECT "django_session"."session_key", "django_session"."session_data", "django_session"."expire_date" FROM "django_session" WHERE ("django_session"."expire_date" > '2017-04-11 15:33:39.741133' AND "django_session"."session_key" = '2zykn2kz12urrtafjf19aqtj5an68fzq'); args=('2017-04-11 15:33:39.741133', '2zykn2kz12urrtafjf19aqtj5an68fzq')
(0.000) SELECT "auth_user"."id", "auth_user"."password", "auth_user"."last_login", "auth_user"."is_superuser", "auth_user"."username", "auth_user"."first_name", "auth_user"."last_name", "auth_user"."email", "auth_user"."is_staff", "auth_user"."is_active", "auth_user"."date_joined" FROM "auth_user" WHERE "auth_user"."id" = 1; args=(1,)
(0.000) SELECT "rentWareApp_customer"."id", "rentWareApp_customer"."AccountCode", "rentWareApp_customer"."CompanyName", "rentWareApp_customer"."VATNumber", "rentWareApp_customer"."user_id", "rentWareApp_customer"."contact_id", "rentWareApp_customer"."uploads_id", "rentWareApp_customer"."comments", "rentWareApp_customer"."created_date" FROM "rentWareApp_customer" ORDER BY "rentWareApp_customer"."id" ASC; args=()
(0.001) 
            SELECT name, type FROM sqlite_master
            WHERE type in ('table', 'view') AND NOT name='sqlite_sequence'
            ORDER BY name; args=None
(0.000) SELECT "django_migrations"."app", "django_migrations"."name" FROM "django_migrations"; args=()
(0.001) SELECT "django_site"."id", "django_site"."domain", "django_site"."name" FROM "django_site" WHERE "django_site"."id" = 1; args=(1,)
(0.000) SELECT "django_session"."session_key", "django_session"."session_data", "django_session"."expire_date" FROM "django_session" WHERE ("django_session"."expire_date" > '2017-04-11 15:34:33.280958' AND "django_session"."session_key" = '2zykn2kz12urrtafjf19aqtj5an68fzq'); args=('2017-04-11 15:34:33.280958', '2zykn2kz12urrtafjf19aqtj5an68fzq')
(0.000) SELECT "auth_user"."id", "auth_user"."password", "auth_user"."last_login", "auth_user"."is_superuser", "auth_user"."username", "auth_user"."first_name", "auth_user"."last_name", "auth_user"."email", "auth_user"."is_staff", "auth_user"."is_active", "auth_user"."date_joined" FROM "auth_user" WHERE "auth_user"."id" = 1; args=(1,)
(0.000) SELECT "rentWareApp_customer"."id", "rentWareApp_customer"."AccountCode", "rentWareApp_customer"."CompanyName", "rentWareApp_customer"."VATNumber", "rentWareApp_customer"."user_id", "rentWareApp_customer"."contact_id", "rentWareApp_customer"."uploads_id", "rentWareApp_customer"."comments", "rentWareApp_customer"."created_date" FROM "rentWareApp_customer" ORDER BY "rentWareApp_customer"."id" ASC; args=()
